Using pre-set license
Built from '2020.3/staging' branch; Version is '2020.3.14f1 (d0d1bb862f9d) revision 13685179'; Using compiler version '192528614'; Build Type 'Release'
OS: 'Windows 10 Education; OS build 19042.1288; Version 2009; 64bit' Language: 'en' Physical Memory: 16180 MB
BatchMode: 1, IsHumanControllingUs: 0, StartBugReporterOnCrash: 0, Is64bit: 1, IsPro: 0

 COMMAND LINE ARGUMENTS:
C:\Program Files\Unity\Editor\Unity.exe
-adb2
-batchMode
-noUpm
-name
AssetImportWorker0
-projectPath
C:/Users/W0452315/Desktop/MaterialsCinematics
-logFile
Logs/AssetImportWorker0.log
-srvPort
49399
Successfully changed project path to: C:/Users/W0452315/Desktop/MaterialsCinematics
C:/Users/W0452315/Desktop/MaterialsCinematics
Using Asset Import Pipeline V2.
Refreshing native plugins compatible for Editor in 26.76 ms, found 2 plugins.
Preloading 0 native plugins for Editor in 0.00 ms.
Initialize engine version: 2020.3.14f1 (d0d1bb862f9d)
[Subsystems] Discovering subsystems at path C:/Program Files/Unity/Editor/Data/Resources/UnitySubsystems
[Subsystems] Discovering subsystems at path C:/Users/W0452315/Desktop/MaterialsCinematics/Assets
GfxDevice: creating device client; threaded=0
Direct3D:
    Version:  Direct3D 11.0 [level 11.0]
    Renderer: NVIDIA Quadro K2200 (ID=0x13ba)
    Vendor:   
    VRAM:     4053 MB
    Driver:   27.21.14.6192
Initialize mono
Mono path[0] = 'C:/Program Files/Unity/Editor/Data/Managed'
Mono path[1] = 'C:/Program Files/Unity/Editor/Data/MonoBleedingEdge/lib/mono/unityjit'
Mono config path = 'C:/Program Files/Unity/Editor/Data/MonoBleedingEdge/etc'
Using monoOptions --debugger-agent=transport=dt_socket,embedding=1,server=y,suspend=n,address=127.0.0.1:56380
Begin MonoManager ReloadAssembly
Registering precompiled unity dll's ...
Register platform support module: C:/Program Files/Unity/Editor/Data/PlaybackEngines/WindowsStandaloneSupport/UnityEditor.WindowsStandalone.Extensions.dll
Registered in 0.001893 seconds.
Native extension for WindowsStandalone target not found
Refreshing native plugins compatible for Editor in 28.92 ms, found 2 plugins.
Preloading 0 native plugins for Editor in 0.00 ms.
Mono: successfully reloaded assembly
- Completed reload, in  1.061 seconds
Domain Reload Profiling:
	ReloadAssembly (1062ms)
		BeginReloadAssembly (57ms)
			ExecutionOrderSort (0ms)
			DisableScriptedObjects (0ms)
			BackupInstance (0ms)
			ReleaseScriptingObjects (0ms)
			CreateAndSetChildDomain (1ms)
		EndReloadAssembly (426ms)
			LoadAssemblies (55ms)
			RebuildTransferFunctionScriptingTraits (0ms)
			SetupTypeCache (156ms)
			ReleaseScriptCaches (0ms)
			RebuildScriptCaches (32ms)
			SetupLoadedEditorAssemblies (165ms)
				LogAssemblyErrors (0ms)
				InitializePlatformSupportModulesInManaged (4ms)
				SetLoadedEditorAssemblies (0ms)
				RefreshPlugins (29ms)
				BeforeProcessingInitializeOnLoad (15ms)
				ProcessInitializeOnLoadAttributes (85ms)
				ProcessInitializeOnLoadMethodAttributes (32ms)
				AfterProcessingInitializeOnLoad (0ms)
				EditorAssembliesLoaded (0ms)
			ExecutionOrderSort2 (0ms)
			AwakeInstancesAfterBackupRestoration (0ms)
Platform modules already initialized, skipping
Registering precompiled user dll's ...
Registered in 0.003920 seconds.
Begin MonoManager ReloadAssembly
Native extension for WindowsStandalone target not found
Refreshing native plugins compatible for Editor in 0.30 ms, found 2 plugins.
Preloading 0 native plugins for Editor in 0.00 ms.
Mono: successfully reloaded assembly
- Completed reload, in  1.030 seconds
Domain Reload Profiling:
	ReloadAssembly (1031ms)
		BeginReloadAssembly (146ms)
			ExecutionOrderSort (0ms)
			DisableScriptedObjects (5ms)
			BackupInstance (0ms)
			ReleaseScriptingObjects (0ms)
			CreateAndSetChildDomain (19ms)
		EndReloadAssembly (821ms)
			LoadAssemblies (83ms)
			RebuildTransferFunctionScriptingTraits (0ms)
			SetupTypeCache (283ms)
			ReleaseScriptCaches (1ms)
			RebuildScriptCaches (40ms)
			SetupLoadedEditorAssemblies (317ms)
				LogAssemblyErrors (0ms)
				InitializePlatformSupportModulesInManaged (5ms)
				SetLoadedEditorAssemblies (0ms)
				RefreshPlugins (0ms)
				BeforeProcessingInitializeOnLoad (92ms)
				ProcessInitializeOnLoadAttributes (207ms)
				ProcessInitializeOnLoadMethodAttributes (5ms)
				AfterProcessingInitializeOnLoad (7ms)
				EditorAssembliesLoaded (0ms)
			ExecutionOrderSort2 (0ms)
			AwakeInstancesAfterBackupRestoration (7ms)
Platform modules already initialized, skipping
========================================================================
Worker process is ready to serve import requests
Launched and connected shader compiler UnityShaderCompiler.exe after 0.04 seconds
Refreshing native plugins compatible for Editor in 0.27 ms, found 2 plugins.
Preloading 0 native plugins for Editor in 0.00 ms.
Unloading 1390 Unused Serialized files (Serialized files now loaded: 0)
System memory in use before: 65.0 MB.
System memory in use after: 65.0 MB.

Unloading 19 unused Assets to reduce memory usage. Loaded Objects now: 1823.
Total: 1.834700 ms (FindLiveObjects: 0.133700 ms CreateObjectMapping: 0.041100 ms MarkObjects: 1.581900 ms  DeleteObjects: 0.076800 ms)

AssetImportParameters requested are different than current active one (requested -> active):
  custom:framework-win-MediaFoundation: 216162199b28c13a410421893ffa2e32 -> 
  custom:video-decoder-ogg-theora: a1e56fd34408186e4bbccfd4996cb3dc -> 
  custom:container-muxer-webm: aa71ff27fc2769a1b78a27578f13a17b -> 
  custom:container-demuxer-webm: 4f35f7cbe854078d1ac9338744f61a02 -> 
  custom:container-demuxer-ogg: 62fdf1f143b41e24485cea50d1cbac27 -> 
  custom:video-encoder-webm-vp8: eb34c28f22e8b96e1ab97ce403110664 -> 
  custom:video-decoder-webm-vp8: 9c59270c3fd7afecdb556c50c9e8de78 -> 
  custom:audio-decoder-ogg-vorbis: bf7c407c2cedff20999df2af8eb42d56 -> 
  custom:audio-encoder-webm-vorbis: bf7c407c2cedff20999df2af8eb42d56 -> 
========================================================================
Received Import Request.
  path: Assets
  artifactKey: Guid(00000000000000001000000000000000) Importer(815301076,1909f56bfc062723c751e8b465ee728b)
Start importing Assets using Guid(00000000000000001000000000000000) Importer(815301076,1909f56bfc062723c751e8b465ee728b)  -> (artifact id: '42d402b061de3733987d63b9cc3b64de') in 0.009276 seconds 
  Import took 0.012485 seconds .

========================================================================
Received Import Request.
  Time since last request: 1.379063 seconds.
  path: Assets
  artifactKey: Guid(00000000000000001000000000000000) Importer(815301076,1909f56bfc062723c751e8b465ee728b)
Start importing Assets using Guid(00000000000000001000000000000000) Importer(815301076,1909f56bfc062723c751e8b465ee728b)  -> (artifact id: '42d402b061de3733987d63b9cc3b64de') in 0.003744 seconds 
  Import took 0.007699 seconds .

========================================================================
Received Import Request.
  Time since last request: 8.215856 seconds.
  path: Assets/Materials.mat
  artifactKey: Guid(d96a1b6bf4ca9924e803e526f5bb29ea) Importer(815301076,1909f56bfc062723c751e8b465ee728b)
Start importing Assets/Materials.mat using Guid(d96a1b6bf4ca9924e803e526f5bb29ea) Importer(815301076,1909f56bfc062723c751e8b465ee728b)  -> (artifact id: 'bc771eda03a6c14bb282c1de1948cd23') in 0.116594 seconds 
  Import took 0.120039 seconds .

========================================================================
Received Import Request.
  Time since last request: 10.471458 seconds.
  path: Assets/Materials
  artifactKey: Guid(f0aaf87c80251b44890fa16dfa1c1bc3) Importer(815301076,1909f56bfc062723c751e8b465ee728b)
Start importing Assets/Materials using Guid(f0aaf87c80251b44890fa16dfa1c1bc3) Importer(815301076,1909f56bfc062723c751e8b465ee728b)  -> (artifact id: '056d324877fcb4612ee5da46692b38e3') in 0.002707 seconds 
  Import took 0.005174 seconds .

========================================================================
Received Import Request.
  Time since last request: 11.869096 seconds.
  path: Assets/Plane.mat
  artifactKey: Guid(d96a1b6bf4ca9924e803e526f5bb29ea) Importer(815301076,1909f56bfc062723c751e8b465ee728b)
Start importing Assets/Plane.mat using Guid(d96a1b6bf4ca9924e803e526f5bb29ea) Importer(815301076,1909f56bfc062723c751e8b465ee728b)  -> (artifact id: '66f7b458491f6d29b94a7afacbc40a8a') in 0.019291 seconds 
  Import took 0.024126 seconds .

========================================================================
Received Import Request.
  Time since last request: 114.071119 seconds.
  path: Assets/Materials/Plane.mat
  artifactKey: Guid(d96a1b6bf4ca9924e803e526f5bb29ea) Importer(815301076,1909f56bfc062723c751e8b465ee728b)
Start importing Assets/Materials/Plane.mat using Guid(d96a1b6bf4ca9924e803e526f5bb29ea) Importer(815301076,1909f56bfc062723c751e8b465ee728b)  -> (artifact id: '8d887bb649d4365b017064fe0bbc0614') in 0.017298 seconds 
  Import took 0.021823 seconds .

========================================================================
Received Import Request.
  Time since last request: 19.421257 seconds.
  path: Assets/Materials/Cube.mat
  artifactKey: Guid(2dbb782b5999ba3418b3389759f7d0cc) Importer(815301076,1909f56bfc062723c751e8b465ee728b)
Start importing Assets/Materials/Cube.mat using Guid(2dbb782b5999ba3418b3389759f7d0cc) Importer(815301076,1909f56bfc062723c751e8b465ee728b)  -> (artifact id: '10174014af8c43b592628ac0bd601173') in 0.013200 seconds 
  Import took 0.016113 seconds .

========================================================================
Received Import Request.
  Time since last request: 148.166409 seconds.
  path: Assets/Materials/Sphere.mat
  artifactKey: Guid(4db0a022c07107740a630bbe5e63582e) Importer(815301076,1909f56bfc062723c751e8b465ee728b)
Start importing Assets/Materials/Sphere.mat using Guid(4db0a022c07107740a630bbe5e63582e) Importer(815301076,1909f56bfc062723c751e8b465ee728b)  -> (artifact id: '854df650b7fdf2497461d3056269116d') in 0.013367 seconds 
  Import took 0.018867 seconds .

========================================================================
Received Import Request.
  Time since last request: 602.459535 seconds.
  path: Assets/Materials/New Folder
  artifactKey: Guid(898a2cb4308a40e4ba34f80ad799f0c7) Importer(815301076,1909f56bfc062723c751e8b465ee728b)
Start importing Assets/Materials/New Folder using Guid(898a2cb4308a40e4ba34f80ad799f0c7) Importer(815301076,1909f56bfc062723c751e8b465ee728b)  -> (artifact id: '82ca2be60579aca674d2ebfab9351026') in 0.007678 seconds 
  Import took 0.010774 seconds .

========================================================================
Received Import Request.
  Time since last request: 20.066098 seconds.
  path: Assets/Materials/Textures
  artifactKey: Guid(898a2cb4308a40e4ba34f80ad799f0c7) Importer(815301076,1909f56bfc062723c751e8b465ee728b)
Start importing Assets/Materials/Textures using Guid(898a2cb4308a40e4ba34f80ad799f0c7) Importer(815301076,1909f56bfc062723c751e8b465ee728b)  -> (artifact id: 'd04afb54abc476f57d7b198dd7bb5c3b') in 0.008143 seconds 
  Import took 0.010889 seconds .

========================================================================
Received Import Request.
  Time since last request: 14.958818 seconds.
  path: Assets/Materials/Textures/SeamlessMetallicCrystalTexture.jpg
  artifactKey: Guid(0466316335710f647869de4faf6dcaa6) Importer(815301076,1909f56bfc062723c751e8b465ee728b)
Start importing Assets/Materials/Textures/SeamlessMetallicCrystalTexture.jpg using Guid(0466316335710f647869de4faf6dcaa6) Importer(815301076,1909f56bfc062723c751e8b465ee728b)  -> (artifact id: '7c6a69a381a5d8436618ae33398fd4f2') in 0.056228 seconds 
  Import took 0.059092 seconds .

========================================================================
Received Import Request.
  Time since last request: 0.009104 seconds.
  path: Assets/Materials/Textures/SeamlessMetallicCrystalTexture.jpg
  artifactKey: Guid(0466316335710f647869de4faf6dcaa6) Importer(815301076,1909f56bfc062723c751e8b465ee728b)
Start importing Assets/Materials/Textures/SeamlessMetallicCrystalTexture.jpg using Guid(0466316335710f647869de4faf6dcaa6) Importer(815301076,1909f56bfc062723c751e8b465ee728b)  -> (artifact id: '7c6a69a381a5d8436618ae33398fd4f2') in 0.016043 seconds 
  Import took 0.018966 seconds .

========================================================================
Received Import Request.
  Time since last request: 119.074372 seconds.
  path: Assets/Materials/Materials/SeamlessMetallicCrystalTexture.mat
  artifactKey: Guid(4fcecc8eaf51c4f4998c4f22205f6c1b) Importer(815301076,1909f56bfc062723c751e8b465ee728b)
Start importing Assets/Materials/Materials/SeamlessMetallicCrystalTexture.mat using Guid(4fcecc8eaf51c4f4998c4f22205f6c1b) Importer(815301076,1909f56bfc062723c751e8b465ee728b)  -> (artifact id: '56eebfeaed39e89b8faa755276e6b930') in 0.014452 seconds 
  Import took 0.016871 seconds .

========================================================================
Received Import Request.
  Time since last request: 32.089632 seconds.
  path: Assets/Materials/Materials/Textures/SeamlessMetallicCrystalTexture.jpg
  artifactKey: Guid(0466316335710f647869de4faf6dcaa6) Importer(815301076,1909f56bfc062723c751e8b465ee728b)
Start importing Assets/Materials/Materials/Textures/SeamlessMetallicCrystalTexture.jpg using Guid(0466316335710f647869de4faf6dcaa6) Importer(815301076,1909f56bfc062723c751e8b465ee728b)  -> (artifact id: 'd8e4dbaa138212c9ab475c9dee2480e3') in 0.011987 seconds 
  Import took 0.014178 seconds .

========================================================================
Received Import Request.
  Time since last request: 5.863850 seconds.
  path: Assets/Materials/Textures/SeamlessMetallicCrystalTexture.jpg
  artifactKey: Guid(0466316335710f647869de4faf6dcaa6) Importer(815301076,1909f56bfc062723c751e8b465ee728b)
Start importing Assets/Materials/Textures/SeamlessMetallicCrystalTexture.jpg using Guid(0466316335710f647869de4faf6dcaa6) Importer(815301076,1909f56bfc062723c751e8b465ee728b)  -> (artifact id: '648e49ae1353cb207700449ef4d4743c') in 0.013610 seconds 
  Import took 0.016212 seconds .

========================================================================
Received Import Request.
  Time since last request: 4.379705 seconds.
  path: Assets/Materials/Textures/SeamlessMetallicCrystalTexture.jpg
  artifactKey: Guid(0466316335710f647869de4faf6dcaa6) Importer(815301076,1909f56bfc062723c751e8b465ee728b)
Start importing Assets/Materials/Textures/SeamlessMetallicCrystalTexture.jpg using Guid(0466316335710f647869de4faf6dcaa6) Importer(815301076,1909f56bfc062723c751e8b465ee728b)  -> (artifact id: '9195793f2162d54872d032d5e35eb679') in 0.020533 seconds 
  Import took 0.025401 seconds .

========================================================================
Received Import Request.
  Time since last request: 0.001769 seconds.
  path: Assets/Materials/Textures/SeamlessMetallicCrystalTexture.jpg
  artifactKey: Guid(0466316335710f647869de4faf6dcaa6) Importer(815301076,1909f56bfc062723c751e8b465ee728b)
Start importing Assets/Materials/Textures/SeamlessMetallicCrystalTexture.jpg using Guid(0466316335710f647869de4faf6dcaa6) Importer(815301076,1909f56bfc062723c751e8b465ee728b)  -> (artifact id: '9195793f2162d54872d032d5e35eb679') in 0.013197 seconds 
  Import took 0.016103 seconds .

========================================================================
Received Import Request.
  Time since last request: 13.627585 seconds.
  path: Assets/Materials/Textures/SeamlessMetallicCrystalTexture.jpg
  artifactKey: Guid(0466316335710f647869de4faf6dcaa6) Importer(815301076,1909f56bfc062723c751e8b465ee728b)
Start importing Assets/Materials/Textures/SeamlessMetallicCrystalTexture.jpg using Guid(0466316335710f647869de4faf6dcaa6) Importer(815301076,1909f56bfc062723c751e8b465ee728b)  -> (artifact id: 'e2777179c30ef2cbdde931d738332497') in 0.011798 seconds 
  Import took 0.014173 seconds .

========================================================================
Received Import Request.
  Time since last request: 7.533007 seconds.
  path: Assets/Materials/Textures/SeamlessMetallicCrystalTexture.jpg
  artifactKey: Guid(0466316335710f647869de4faf6dcaa6) Importer(815301076,1909f56bfc062723c751e8b465ee728b)
Start importing Assets/Materials/Textures/SeamlessMetallicCrystalTexture.jpg using Guid(0466316335710f647869de4faf6dcaa6) Importer(815301076,1909f56bfc062723c751e8b465ee728b)  -> (artifact id: '881a6e396064117bf8229742af86f358') in 0.011716 seconds 
  Import took 0.015866 seconds .

========================================================================
Received Import Request.
  Time since last request: 296.424035 seconds.
  path: Assets/Materials/Cube.mat
  artifactKey: Guid(2dbb782b5999ba3418b3389759f7d0cc) Importer(815301076,1909f56bfc062723c751e8b465ee728b)
Start importing Assets/Materials/Cube.mat using Guid(2dbb782b5999ba3418b3389759f7d0cc) Importer(815301076,1909f56bfc062723c751e8b465ee728b)  -> (artifact id: '6c360520dca9caf5c72571bb47ed1db8') in 0.022556 seconds 
  Import took 0.025140 seconds .

========================================================================
Received Import Request.
  Time since last request: 0.000213 seconds.
  path: Assets/Materials/Sphere.mat
  artifactKey: Guid(4db0a022c07107740a630bbe5e63582e) Importer(815301076,1909f56bfc062723c751e8b465ee728b)
Start importing Assets/Materials/Sphere.mat using Guid(4db0a022c07107740a630bbe5e63582e) Importer(815301076,1909f56bfc062723c751e8b465ee728b)  -> (artifact id: '3165d5f826bf4ac21dcf531774106f73') in 0.028245 seconds 
  Import took 0.030362 seconds .

========================================================================
Received Import Request.
  Time since last request: 0.000246 seconds.
  path: Assets/Materials/Plane.mat
  artifactKey: Guid(d96a1b6bf4ca9924e803e526f5bb29ea) Importer(815301076,1909f56bfc062723c751e8b465ee728b)
Start importing Assets/Materials/Plane.mat using Guid(d96a1b6bf4ca9924e803e526f5bb29ea) Importer(815301076,1909f56bfc062723c751e8b465ee728b)  -> (artifact id: '59d6f6b64feb4bfb33d9b8364f547273') in 0.012902 seconds 
  Import took 0.015530 seconds .

========================================================================
Received Prepare
Refreshing native plugins compatible for Editor in 3.27 ms, found 2 plugins.
Preloading 0 native plugins for Editor in 0.00 ms.
Unloading 12 Unused Serialized files (Serialized files now loaded: 0)
System memory in use before: 41.3 MB.
System memory in use after: 41.4 MB.

Unloading 12 unused Assets to reduce memory usage. Loaded Objects now: 1867.
Total: 2.770500 ms (FindLiveObjects: 0.134000 ms CreateObjectMapping: 0.039900 ms MarkObjects: 2.520400 ms  DeleteObjects: 0.075400 ms)

AssetImportParameters requested are different than current active one (requested -> active):
  custom:framework-win-MediaFoundation: 216162199b28c13a410421893ffa2e32 -> 
  custom:video-decoder-ogg-theora: a1e56fd34408186e4bbccfd4996cb3dc -> 
  custom:container-muxer-webm: aa71ff27fc2769a1b78a27578f13a17b -> 
  custom:container-demuxer-webm: 4f35f7cbe854078d1ac9338744f61a02 -> 
  custom:container-demuxer-ogg: 62fdf1f143b41e24485cea50d1cbac27 -> 
  custom:video-encoder-webm-vp8: eb34c28f22e8b96e1ab97ce403110664 -> 
  custom:video-decoder-webm-vp8: 9c59270c3fd7afecdb556c50c9e8de78 -> 
  custom:audio-decoder-ogg-vorbis: bf7c407c2cedff20999df2af8eb42d56 -> 
  custom:audio-encoder-webm-vorbis: bf7c407c2cedff20999df2af8eb42d56 -> 
========================================================================
Received Prepare
Refreshing native plugins compatible for Editor in 3.96 ms, found 2 plugins.
Preloading 0 native plugins for Editor in 0.00 ms.
Unloading 12 Unused Serialized files (Serialized files now loaded: 0)
System memory in use before: 41.4 MB.
System memory in use after: 41.4 MB.

Unloading 12 unused Assets to reduce memory usage. Loaded Objects now: 1867.
Total: 3.580800 ms (FindLiveObjects: 0.461300 ms CreateObjectMapping: 0.094000 ms MarkObjects: 2.961700 ms  DeleteObjects: 0.062400 ms)

AssetImportParameters requested are different than current active one (requested -> active):
  custom:framework-win-MediaFoundation: 216162199b28c13a410421893ffa2e32 -> 
  custom:video-decoder-ogg-theora: a1e56fd34408186e4bbccfd4996cb3dc -> 
  custom:container-muxer-webm: aa71ff27fc2769a1b78a27578f13a17b -> 
  custom:container-demuxer-webm: 4f35f7cbe854078d1ac9338744f61a02 -> 
  custom:container-demuxer-ogg: 62fdf1f143b41e24485cea50d1cbac27 -> 
  custom:video-encoder-webm-vp8: eb34c28f22e8b96e1ab97ce403110664 -> 
  custom:video-decoder-webm-vp8: 9c59270c3fd7afecdb556c50c9e8de78 -> 
  custom:audio-decoder-ogg-vorbis: bf7c407c2cedff20999df2af8eb42d56 -> 
  custom:audio-encoder-webm-vorbis: bf7c407c2cedff20999df2af8eb42d56 -> 
========================================================================
Received Prepare
Refreshing native plugins compatible for Editor in 3.40 ms, found 2 plugins.
Preloading 0 native plugins for Editor in 0.00 ms.
Unloading 12 Unused Serialized files (Serialized files now loaded: 0)
System memory in use before: 41.4 MB.
System memory in use after: 41.4 MB.

Unloading 12 unused Assets to reduce memory usage. Loaded Objects now: 1867.
Total: 1.924600 ms (FindLiveObjects: 0.126600 ms CreateObjectMapping: 0.038900 ms MarkObjects: 1.717200 ms  DeleteObjects: 0.041100 ms)

AssetImportParameters requested are different than current active one (requested -> active):
  custom:framework-win-MediaFoundation: 216162199b28c13a410421893ffa2e32 -> 
  custom:video-decoder-ogg-theora: a1e56fd34408186e4bbccfd4996cb3dc -> 
  custom:container-muxer-webm: aa71ff27fc2769a1b78a27578f13a17b -> 
  custom:container-demuxer-webm: 4f35f7cbe854078d1ac9338744f61a02 -> 
  custom:container-demuxer-ogg: 62fdf1f143b41e24485cea50d1cbac27 -> 
  custom:video-encoder-webm-vp8: eb34c28f22e8b96e1ab97ce403110664 -> 
  custom:video-decoder-webm-vp8: 9c59270c3fd7afecdb556c50c9e8de78 -> 
  custom:audio-decoder-ogg-vorbis: bf7c407c2cedff20999df2af8eb42d56 -> 
  custom:audio-encoder-webm-vorbis: bf7c407c2cedff20999df2af8eb42d56 -> 
AssetImportWorkerClient::OnTransportError - code=2 error=End of file
